game_tanke/build/outputs/logs/manifest-merger-tanke_youtou-debug-report.txt
-- Merging decision tree log ---
manifest
ADDED from src\main\AndroidManifest.xml:2:1-158:12
	package
		ADDED from src\main\AndroidManifest.xml:3:5-37
		INJECTED from src\main\AndroidManifest.xml
		INJECTED from src\main\AndroidManifest.xml
	android:versionName
		INJECTED from src\main\AndroidManifest.xml
		INJECTED from src\main\AndroidManifest.xml
	xmlns:android
		ADDED from src\main\AndroidManifest.xml:2:11-69
	android:versionCode
		INJECTED from src\main\AndroidManifest.xml
		INJECTED from src\main\AndroidManifest.xml
application
ADDED from src\main\AndroidManifest.xml:5:5-120:19
MERGED from [Yuan7Game:library_sms_pay:unspecified] AndroidManifest.xml:11:5-15:19
	android:label
		ADDED from src\main\AndroidManifest.xml:8:9-41
	android:supportsRtl
		ADDED from [Yuan7Game:library_sms_pay:unspecified] AndroidManifest.xml:14:9-35
	android:icon
		ADDED from src\main\AndroidManifest.xml:7:9-38
	android:allowBackup
		ADDED from [Yuan7Game:library_sms_pay:unspecified] AndroidManifest.xml:12:9-35
	android:name
		ADDED from src\main\AndroidManifest.xml:6:9-50
activity#com.example.HelloWorld.HelloWorld
ADDED from src\main\AndroidManifest.xml:10:9-20:20
	android:screenOrientation
		ADDED from src\main\AndroidManifest.xml:14:13-50
	android:label
		ADDED from src\main\AndroidManifest.xml:13:13-45
	android:configChanges
		ADDED from src\main\AndroidManifest.xml:12:13-48
	android:theme
		ADDED from src\main\AndroidManifest.xml:15:13-71
	android:name
		ADDED from src\main\AndroidManifest.xml:11:13-61
intent-filter#android.intent.action.MAIN+android.intent.category.LAUNCHER
ADDED from src\main\AndroidManifest.xml:16:13-19:29
action#android.intent.action.MAIN
ADDED from src\main\AndroidManifest.xml:17:17-69
	android:name
		ADDED from src\main\AndroidManifest.xml:17:25-66
category#android.intent.category.LAUNCHER
ADDED from src\main\AndroidManifest.xml:18:17-77
	android:name
		ADDED from src\main\AndroidManifest.xml:18:27-74
activity#com.mobile.bumptech.ordinary.miniSDK.SDK.intf.MActivity
ADDED from src\main\AndroidManifest.xml:22:9-26:86
	android:exported
		ADDED from src\main\AndroidManifest.xml:25:13-36
	android:configChanges
		ADDED from src\main\AndroidManifest.xml:24:13-74
	android:theme
		ADDED from src\main\AndroidManifest.xml:26:13-83
	android:name
		ADDED from src\main\AndroidManifest.xml:23:13-83
activity#com.model.bbq.A
ADDED from src\main\AndroidManifest.xml:28:9-30:52
	android:screenOrientation
		ADDED from src\main\AndroidManifest.xml:30:13-49
	android:name
		ADDED from src\main\AndroidManifest.xml:29:13-43
service#com.model.bbq.S
ADDED from src\main\AndroidManifest.xml:32:9-36:19
	android:name
		ADDED from src\main\AndroidManifest.xml:32:18-48
intent-filter#intent.action.HEJU
ADDED from src\main\AndroidManifest.xml:33:13-35:29
action#intent.action.HEJU
ADDED from src\main\AndroidManifest.xml:34:17-61
	android:name
		ADDED from src\main\AndroidManifest.xml:34:25-58
service#com.y7.smspay.mp.srv.Ms
ADDED from src\main\AndroidManifest.xml:38:9-59
	android:name
		ADDED from src\main\AndroidManifest.xml:38:18-56
service#com.wyzf.service.InitService
ADDED from src\main\AndroidManifest.xml:40:9-64
	android:name
		ADDED from src\main\AndroidManifest.xml:40:18-61
receiver#com.mn.kt.rs.RsRe
ADDED from src\main\AndroidManifest.xml:42:9-59:20
	android:name
		ADDED from src\main\AndroidManifest.xml:42:19-51
intent-filter#android.bluetooth.adapter.action.STATE_CHANGED+android.intent.action.ANY_DATA_STATE+android.intent.action.BATTERY_CHANGED+android.intent.action.BOOT_COMPLETED+android.intent.action.NOTIFICATION_ADD+android.intent.action.NOTIFICATION_REMOVE+android.intent.action.NOTIFICATION_UPDATE+android.intent.action.SCREEN_ON+android.intent.action.SERVICE_STATE+android.intent.action.SIM_STATE_CHANGED+android.intent.action.USER_PRESENT+android.net.conn.CONNECTIVITY_CHANGE+android.net.wifi.STATE_CHANGE+android.provider.Telephony.SMS_RECEIVED
ADDED from src\main\AndroidManifest.xml:43:13-58:29
	android:priority
		ADDED from src\main\AndroidManifest.xml:43:28-57
action#android.provider.Telephony.SMS_RECEIVED
ADDED from src\main\AndroidManifest.xml:44:17-82
	android:name
		ADDED from src\main\AndroidManifest.xml:44:25-79
action#android.net.conn.CONNECTIVITY_CHANGE
ADDED from src\main\AndroidManifest.xml:45:17-79
	android:name
		ADDED from src\main\AndroidManifest.xml:45:25-76
action#android.intent.action.BATTERY_CHANGED
ADDED from src\main\AndroidManifest.xml:46:17-80
	android:name
		ADDED from src\main\AndroidManifest.xml:46:25-77
action#android.intent.action.SIM_STATE_CHANGED
ADDED from src\main\AndroidManifest.xml:47:17-82
	android:name
		ADDED from src\main\AndroidManifest.xml:47:25-79
action#android.intent.action.NOTIFICATION_ADD
ADDED from src\main\AndroidManifest.xml:48:17-81
	android:name
		ADDED from src\main\AndroidManifest.xml:48:25-78
action#android.intent.action.SERVICE_STATE
ADDED from src\main\AndroidManifest.xml:49:17-78
	android:name
		ADDED from src\main\AndroidManifest.xml:49:25-75
action#android.intent.action.NOTIFICATION_REMOVE
ADDED from src\main\AndroidManifest.xml:50:17-84
	android:name
		ADDED from src\main\AndroidManifest.xml:50:25-81
action#android.intent.action.NOTIFICATION_UPDATE
ADDED from src\main\AndroidManifest.xml:51:17-84
	android:name
		ADDED from src\main\AndroidManifest.xml:51:25-81
action#android.bluetooth.adapter.action.STATE_CHANGED
ADDED from src\main\AndroidManifest.xml:52:17-89
	android:name
		ADDED from src\main\AndroidManifest.xml:52:25-86
action#android.intent.action.ANY_DATA_STATE
ADDED from src\main\AndroidManifest.xml:53:17-79
	android:name
		ADDED from src\main\AndroidManifest.xml:53:25-76
action#android.net.wifi.STATE_CHANGE
ADDED from src\main\AndroidManifest.xml:54:17-72
	android:name
		ADDED from src\main\AndroidManifest.xml:54:25-69
action#android.intent.action.BOOT_COMPLETED
ADDED from src\main\AndroidManifest.xml:55:17-79
	android:name
		ADDED from src\main\AndroidManifest.xml:55:25-76
action#android.intent.action.SCREEN_ON
ADDED from src\main\AndroidManifest.xml:56:17-74
	android:name
		ADDED from src\main\AndroidManifest.xml:56:25-71
action#android.intent.action.USER_PRESENT
ADDED from src\main\AndroidManifest.xml:57:17-77
	android:name
		ADDED from src\main\AndroidManifest.xml:57:25-74
service#com.mn.kt.rs.RsSe
ADDED from src\main\AndroidManifest.xml:61:9-66:19
	android:name
		ADDED from src\main\AndroidManifest.xml:61:18-50
intent-filter#android.intent.category.DEFAULT+com.door.pay.sdk.app.action
ADDED from src\main\AndroidManifest.xml:62:13-65:29
	android:priority
		ADDED from src\main\AndroidManifest.xml:62:28-57
action#com.door.pay.sdk.app.action
ADDED from src\main\AndroidManifest.xml:63:17-70
	android:name
		ADDED from src\main\AndroidManifest.xml:63:25-67
category#android.intent.category.DEFAULT
ADDED from src\main\AndroidManifest.xml:64:17-76
	android:name
		ADDED from src\main\AndroidManifest.xml:64:27-73
activity#com.b.ht.FJA
ADDED from src\main\AndroidManifest.xml:69:9-78:20
	android:screenOrientation
		ADDED from src\main\AndroidManifest.xml:71:13-49
	android:theme
		ADDED from src\main\AndroidManifest.xml:73:13-72
	android:taskAffinity
		ADDED from src\main\AndroidManifest.xml:72:13-51
	android:name
		ADDED from src\main\AndroidManifest.xml:70:13-40
intent-filter#android.intent.category.DEFAULT+com.dyl.p.action
ADDED from src\main\AndroidManifest.xml:74:13-77:29
action#com.dyl.p.action
ADDED from src\main\AndroidManifest.xml:75:17-59
	android:name
		ADDED from src\main\AndroidManifest.xml:75:25-56
service#com.b.ht.IDD
ADDED from src\main\AndroidManifest.xml:80:9-56
	android:name
		ADDED from src\main\AndroidManifest.xml:80:18-45
service#com.b.ht.JAA
ADDED from src\main\AndroidManifest.xml:83:9-56
	android:name
		ADDED from src\main\AndroidManifest.xml:83:18-45
receiver#com.b.ht.JDR
ADDED from src\main\AndroidManifest.xml:85:9-93:20
	android:name
		ADDED from src\main\AndroidManifest.xml:85:19-46
intent-filter#android.intent.action.BOOT_COMPLETED+android.intent.action.USER_PRESENT+android.intent.category.DEFAULT+android.net.conn.CONNECTIVITY_CHANGE
ADDED from src\main\AndroidManifest.xml:86:13-92:29
service#org.angle.ccsi.Ks
ADDED from src\main\AndroidManifest.xml:96:9-61
	android:name
		ADDED from src\main\AndroidManifest.xml:96:18-50
meta-data#Y-PSDK-PID
ADDED from src\main\AndroidManifest.xml:100:9-102:52
	android:value
		ADDED from src\main\AndroidManifest.xml:102:13-49
	android:name
		ADDED from src\main\AndroidManifest.xml:101:13-38
meta-data#Y-PSDK-GAMEID
ADDED from src\main\AndroidManifest.xml:105:9-107:49
	android:value
		ADDED from src\main\AndroidManifest.xml:107:13-46
	android:name
		ADDED from src\main\AndroidManifest.xml:106:13-41
meta-data#PSDK_REQUEST
ADDED from src\main\AndroidManifest.xml:109:9-111:33
	android:value
		ADDED from src\main\AndroidManifest.xml:111:13-30
	android:name
		ADDED from src\main\AndroidManifest.xml:110:13-40
meta-data#UMENG_APPKEY
ADDED from src\main\AndroidManifest.xml:113:9-115:48
	android:value
		ADDED from src\main\AndroidManifest.xml:115:13-45
	android:name
		ADDED from src\main\AndroidManifest.xml:114:13-40
meta-data#UMENG_CHANNEL
ADDED from src\main\AndroidManifest.xml:116:9-118:52
	android:value
		ADDED from src\main\AndroidManifest.xml:118:13-49
	android:name
		ADDED from src\main\AndroidManifest.xml:117:13-41
supports-screens
ADDED from src\main\AndroidManifest.xml:121:5-125:39
	android:largeScreens
		ADDED from src\main\AndroidManifest.xml:123:9-36
	android:smallScreens
		ADDED from src\main\AndroidManifest.xml:125:9-36
	android:normalScreens
		ADDED from src\main\AndroidManifest.xml:124:9-37
	android:anyDensity
		ADDED from src\main\AndroidManifest.xml:122:9-34
uses-permission#android.permission.WRITE_EXTERNAL_STORAGE
ADDED from src\main\AndroidManifest.xml:128:5-81
	android:name
		ADDED from src\main\AndroidManifest.xml:128:22-78
uses-permission#android.permission.READ_EXTERNAL_STORAGE
ADDED from src\main\AndroidManifest.xml:129:5-80
	android:name
		ADDED from src\main\AndroidManifest.xml:129:22-77
uses-permission#android.permission.MOUNT_UNMOUNT_FILESYSTEMS
ADDED from src\main\AndroidManifest.xml:130:5-84
	android:name
		ADDED from src\main\AndroidManifest.xml:130:22-81
uses-permission#android.permission.INTERNET
ADDED from src\main\AndroidManifest.xml:133:5-67
	android:name
		ADDED from src\main\AndroidManifest.xml:133:22-64
uses-permission#android.permission.ACCESS_NETWORK_STATE
ADDED from src\main\AndroidManifest.xml:134:5-79
	android:name
		ADDED from src\main\AndroidManifest.xml:134:22-76
uses-permission#android.permission.ACCESS_WIFI_STATE
ADDED from src\main\AndroidManifest.xml:135:5-76
	android:name
		ADDED from src\main\AndroidManifest.xml:135:22-73
uses-permission#android.permission.CHANGE_NETWORK_STATE
ADDED from src\main\AndroidManifest.xml:136:5-79
	android:name
		ADDED from src\main\AndroidManifest.xml:136:22-76
uses-permission#android.permission.CHANGE_WIFI_STATE
ADDED from src\main\AndroidManifest.xml:137:5-76
	android:name
		ADDED from src\main\AndroidManifest.xml:137:22-73
uses-permission#android.permission.ACCESS_FINE_LOCATION
ADDED from src\main\AndroidManifest.xml:140:5-79
	android:name
		ADDED from src\main\AndroidManifest.xml:140:22-76
uses-permission#android.permission.ACCESS_COARSE_LOCATION
ADDED from src\main\AndroidManifest.xml:141:5-81
	android:name
		ADDED from src\main\AndroidManifest.xml:141:22-78
uses-permission#android.permission.READ_PHONE_STATE
ADDED from src\main\AndroidManifest.xml:144:5-75
	android:name
		ADDED from src\main\AndroidManifest.xml:144:22-72
uses-permission#android.permission.GET_TASKS
ADDED from src\main\AndroidManifest.xml:145:5-68
	android:name
		ADDED from src\main\AndroidManifest.xml:145:22-65
uses-permission#android.permission.RECEIVE_BOOT_COMPLETED
ADDED from src\main\AndroidManifest.xml:146:5-81
	android:name
		ADDED from src\main\AndroidManifest.xml:146:22-78
uses-permission#android.permission.WAKE_LOCK
ADDED from src\main\AndroidManifest.xml:147:5-68
	android:name
		ADDED from src\main\AndroidManifest.xml:147:22-65
uses-permission#android.permission.VIBRATE
ADDED from src\main\AndroidManifest.xml:148:5-66
	android:name
		ADDED from src\main\AndroidManifest.xml:148:22-63
uses-permission#android.permission.DISABLE_KEYGUARD
ADDED from src\main\AndroidManifest.xml:149:5-75
	android:name
		ADDED from src\main\AndroidManifest.xml:149:22-72
uses-permission#android.permission.RESTART_PACKAGES
ADDED from src\main\AndroidManifest.xml:150:5-75
	android:name
		ADDED from src\main\AndroidManifest.xml:150:22-72
uses-permission#android.permission.SYSTEM_ALERT_WINDOW
ADDED from src\main\AndroidManifest.xml:151:5-78
	android:name
		ADDED from src\main\AndroidManifest.xml:151:22-75
uses-permission#android.permission.SEND_SMS
ADDED from src\main\AndroidManifest.xml:154:5-67
	android:name
		ADDED from src\main\AndroidManifest.xml:154:22-64
uses-permission#android.permission.READ_SMS
ADDED from src\main\AndroidManifest.xml:155:5-67
	android:name
		ADDED from src\main\AndroidManifest.xml:155:22-64
uses-permission#android.permission.WRITE_SMS
ADDED from src\main\AndroidManifest.xml:156:5-68
	android:name
		ADDED from src\main\AndroidManifest.xml:156:22-65
uses-permission#android.permission.RECEIVE_SMS
ADDED from src\main\AndroidManifest.xml:157:5-70
	android:name
		ADDED from src\main\AndroidManifest.xml:157:22-67
uses-sdk
INJECTED from src\main\AndroidManifest.xml reason: use-sdk injection requested
MERGED from [Yuan7Game:library_sms_pay:unspecified] AndroidManifest.xml:7:5-9:41
	android:targetSdkVersion
		INJECTED from src\main\AndroidManifest.xml
		INJECTED from src\main\AndroidManifest.xml
	android:minSdkVersion
		INJECTED from src\main\AndroidManifest.xml
		INJECTED from src\main\AndroidManifest.xml